Starting Query At 2020-09-20T04:00:05.000Z
Ending Query At 2020-10-11T04:00:05.000Z
Connection Successful
<Elasticsearch([{'host': 'atlas-kibana.mwt2.org', 'port': 9200, 'scheme': 'https'}])>
host  dclxdlperfsonar2.gsi.de  does not have geolocation
host  lat.scinet.utoronto.ca  does not have geolocation
host  perfsonar40-otc.hnsc.otc-service.com  does not have geolocation
host  dclxdlperfsonar1.gsi.de  does not have geolocation
host  lat.scinet.utoronto.ca  does not have geolocation
host  lat.scinet.utoronto.ca  does not have geolocation
host  dclxdlperfsonar1.gsi.de  does not have geolocation
host  perfsonar40-otc.hnsc.otc-service.com  does not have geolocation
host  perfsonar2.pi.infn.it  does not have geolocation
host  dclxdlperfsonar2.gsi.de  does not have geolocation
host  ps-development.bnl.gov  does not have geolocation
host  lcgperf.shef.ac.uk  does not have geolocation
host  perfsonar2-de-kit.gridka.de  does not have geolocation
host  perfsonar2-de-kit.gridka.de  does not have geolocation
host  mesh.hpc.rutgers.edu  does not have geolocation
host  perfsonar2-de-kit.gridka.de  does not have geolocation
host  perfsonar40-otc.hnsc.otc-service.com  does not have geolocation
host  dclxdlperfsonar1.gsi.de  does not have geolocation
host  mesh.hpc.rutgers.edu  does not have geolocation
host  lcgperf.shef.ac.uk  does not have geolocation
host  ps-development.bnl.gov  does not have geolocation
host  lat.scinet.utoronto.ca  does not have geolocation
host  lat.scinet.utoronto.ca  does not have geolocation
host  dclxdlperfsonar2.gsi.de  does not have geolocation
host  perfsonar40-otc.hnsc.otc-service.com  does not have geolocation
host  perfsonar2-de-kit.gridka.de  does not have geolocation
host  dclxdlperfsonar1.gsi.de  does not have geolocation
host  ps-development.bnl.gov  does not have geolocation
host  lcgperf.shef.ac.uk  does not have geolocation
host  dclxdlperfsonar1.gsi.de  does not have geolocation
host  perfsonar-latency.esc.qmul.ac.uk  does not have geolocation
host  lat.scinet.utoronto.ca  does not have geolocation
host  dclxdlperfsonar1.gsi.de  does not have geolocation
host  perfsonar2-de-kit.gridka.de  does not have geolocation
host  perfsonar2-de-kit.gridka.de  does not have geolocation
host  mesh.hpc.rutgers.edu  does not have geolocation
host  dclxdlperfsonar1.gsi.de  does not have geolocation
host  dclxdlperfsonar2.gsi.de  does not have geolocation
host  perfsonar2-de-kit.gridka.de  does not have geolocation
host  lat.scinet.utoronto.ca  does not have geolocation
host  lat.scinet.utoronto.ca  does not have geolocation
host  perfsonar2.pi.infn.it  does not have geolocation
host  ps-development.bnl.gov  does not have geolocation
host  perfsonar2.pi.infn.it  does not have geolocation
host  lcgperf.shef.ac.uk  does not have geolocation
host  perfsonar2.pi.infn.it  does not have geolocation
host  lcgperf.shef.ac.uk  does not have geolocation
host  perfsonar40-otc.hnsc.otc-service.com  does not have geolocation
host  dclxdlperfsonar2.gsi.de  does not have geolocation
host  perfsonar40-otc.hnsc.otc-service.com  does not have geolocation
host  mesh.hpc.rutgers.edu  does not have geolocation
host  dclxdlperfsonar2.gsi.de  does not have geolocation
host  lat.scinet.utoronto.ca  does not have geolocation
host  lat.scinet.utoronto.ca  does not have geolocation
host  dclxdlperfsonar2.gsi.de  does not have geolocation
host  perfsonar2-de-kit.gridka.de  does not have geolocation
host  perfsonar2-de-kit.gridka.de  does not have geolocation
host  mesh.hpc.rutgers.edu  does not have geolocation
host  perfsonar2-de-kit.gridka.de  does not have geolocation
host  lcgperf.shef.ac.uk  does not have geolocation
host  lat.scinet.utoronto.ca  does not have geolocation
host  mesh.hpc.rutgers.edu  does not have geolocation
host  dclxdlperfsonar2.gsi.de  does not have geolocation
host  mesh.hpc.rutgers.edu  does not have geolocation
host  ps-development.bnl.gov  does not have geolocation
host  perfsonar-latency.esc.qmul.ac.uk  does not have geolocation
host  lcgperf.shef.ac.uk  does not have geolocation
host  lat.scinet.utoronto.ca  does not have geolocation
host  perfsonar2-de-kit.gridka.de  does not have geolocation
host  perfsonar40-otc.hnsc.otc-service.com  does not have geolocation
host  ps-development.bnl.gov  does not have geolocation
host  ps-development.bnl.gov  does not have geolocation
host  perfsonar-latency.esc.qmul.ac.uk  does not have geolocation
host  perfsonar40-otc.hnsc.otc-service.com  does not have geolocation
host  dclxdlperfsonar1.gsi.de  does not have geolocation
host  lat.scinet.utoronto.ca  does not have geolocation
host  mesh.hpc.rutgers.edu  does not have geolocation
host  perfsonar2.pi.infn.it  does not have geolocation
host  perfsonar2-de-kit.gridka.de  does not have geolocation
host  mesh.hpc.rutgers.edu  does not have geolocation
host  ps-development.bnl.gov  does not have geolocation
host  dclxdlperfsonar2.gsi.de  does not have geolocation
host  dclxdlperfsonar2.gsi.de  does not have geolocation
host  lat.scinet.utoronto.ca  does not have geolocation
host  mesh.hpc.rutgers.edu  does not have geolocation
host  perfsonar-latency.esc.qmul.ac.uk  does not have geolocation
host  perfsonar-latency.esc.qmul.ac.uk  does not have geolocation
host  perfsonar40-otc.hnsc.otc-service.com  does not have geolocation
host  lcgperf.shef.ac.uk  does not have geolocation
host  ps-development.bnl.gov  does not have geolocation
host  perfsonar40-otc.hnsc.otc-service.com  does not have geolocation
host  dclxdlperfsonar1.gsi.de  does not have geolocation
host  perfsonar2.pi.infn.it  does not have geolocation
host  dclxdlperfsonar1.gsi.de  does not have geolocation
host  dclxdlperfsonar1.gsi.de  does not have geolocation
host  dclxdlperfsonar2.gsi.de  does not have geolocation
host  lat.scinet.utoronto.ca  does not have geolocation
host  dclxdlperfsonar2.gsi.de  does not have geolocation
host  perfsonar2.pi.infn.it  does not have geolocation
host  perfsonar2.pi.infn.it  does not have geolocation
host  dclxdlperfsonar2.gsi.de  does not have geolocation
host  lat.scinet.utoronto.ca  does not have geolocation
host  perfsonar2.pi.infn.it  does not have geolocation
host  dclxdlperfsonar2.gsi.de  does not have geolocation
host  perfsonar2.pi.infn.it  does not have geolocation
host  dclxdlperfsonar1.gsi.de  does not have geolocation
host  mesh.hpc.rutgers.edu  does not have geolocation
host  dclxdlperfsonar1.gsi.de  does not have geolocation
host  mesh.hpc.rutgers.edu  does not have geolocation
host  mesh.hpc.rutgers.edu  does not have geolocation
host  dclxdlperfsonar2.gsi.de  does not have geolocation
host  ps-development.bnl.gov  does not have geolocation
host  lat.scinet.utoronto.ca  does not have geolocation
host  mesh.hpc.rutgers.edu  does not have geolocation
host  perfsonar2.pi.infn.it  does not have geolocation
host  perfsonar-latency.esc.qmul.ac.uk  does not have geolocation
host  ps-development.bnl.gov  does not have geolocation
host  perfsonar2.pi.infn.it  does not have geolocation
host  perfsonar40-otc.hnsc.otc-service.com  does not have geolocation
host  dclxdlperfsonar2.gsi.de  does not have geolocation
host  perfsonar40-otc.hnsc.otc-service.com  does not have geolocation
host  mesh.hpc.rutgers.edu  does not have geolocation
host  ps-development.bnl.gov  does not have geolocation
host  perfsonar2-de-kit.gridka.de  does not have geolocation
host  perfsonar2-de-kit.gridka.de  does not have geolocation
host  ps-development.bnl.gov  does not have geolocation
host  ps-development.bnl.gov  does not have geolocation
host  perfsonar40-otc.hnsc.otc-service.com  does not have geolocation
host  perfsonar40-otc.hnsc.otc-service.com  does not have geolocation
host  perfsonar2.pi.infn.it  does not have geolocation
host  perfsonar40-otc.hnsc.otc-service.com  does not have geolocation
host  perfsonar2.pi.infn.it  does not have geolocation
host  mesh.hpc.rutgers.edu  does not have geolocation
host  dclxdlperfsonar2.gsi.de  does not have geolocation
host  dclxdlperfsonar2.gsi.de  does not have geolocation
host  dclxdlperfsonar1.gsi.de  does not have geolocation
host  lat.scinet.utoronto.ca  does not have geolocation
host  lat.scinet.utoronto.ca  does not have geolocation
host  perfsonar40-otc.hnsc.otc-service.com  does not have geolocation
host  dclxdlperfsonar2.gsi.de  does not have geolocation
host  lcgperf.shef.ac.uk  does not have geolocation
host  ps-development.bnl.gov  does not have geolocation
host  dclxdlperfsonar1.gsi.de  does not have geolocation
host  ps-development.bnl.gov  does not have geolocation
host  mesh.hpc.rutgers.edu  does not have geolocation
host  perfsonar2.pi.infn.it  does not have geolocation
host  perfsonar2-de-kit.gridka.de  does not have geolocation
host  perfsonar2.pi.infn.it  does not have geolocation
host  perfsonar-latency.esc.qmul.ac.uk  does not have geolocation
host  ps-development.bnl.gov  does not have geolocation
host  perfsonar2.pi.infn.it  does not have geolocation
host  dclxdlperfsonar1.gsi.de  does not have geolocation
host  perfsonar40-otc.hnsc.otc-service.com  does not have geolocation
host  perfsonar2.pi.infn.it  does not have geolocation
host  dclxdlperfsonar1.gsi.de  does not have geolocation
host  dclxdlperfsonar1.gsi.de  does not have geolocation
host  perfsonar40-otc.hnsc.otc-service.com  does not have geolocation
host  perfsonar2-de-kit.gridka.de  does not have geolocation
host  perfsonar2.pi.infn.it  does not have geolocation
host  dclxdlperfsonar1.gsi.de  does not have geolocation
host  mesh.hpc.rutgers.edu  does not have geolocation
host  ps-development.bnl.gov  does not have geolocation
host  perfsonar40-otc.hnsc.otc-service.com  does not have geolocation
host  perfsonar2-de-kit.gridka.de  does not have geolocation
host  ps-development.bnl.gov  does not have geolocation
host  perfsonar2-de-kit.gridka.de  does not have geolocation
host  mesh.hpc.rutgers.edu  does not have geolocation
host  perfsonar2-de-kit.gridka.de  does not have geolocation
4383
Done
